1737887834591:create --name "ТестПосылка" --form "xxx\\\\nxxx\\\\nxxx" --symbol "0"
1737888193284:@RequestParam String name,
1737888211259:create --name "ТестПосылка" --form "xxx\\\\nxxx\\\\nxxx" --symbol "0"
1737888684516:find --name "КУБ22"
1737889177637:billing --user usertest --from 20.01.2025 --to 22.01.2025
1737893110067:find --name "Посылка Тип 0"
1737893133506:find --name "Посылка Тип 0"find --name "Посылка Тип 0"
1737893741088:load --user usertest --parcels "Посылка Тип 0" --trucks "10x10\\\\n10x10" --type "Равномерное распределение" --out text
1737893775495:load --user usertest --parcels "Посылка Тип 0" --trucks "10x10\\\\n10x10" --type "Равномерное распределение" --out text --output "text.json"
1737894297480:billing --user usertest --from 20.01.2025 --to 30.01.2025
1737895229576:find --name "Посылка Тип 0"
1737895238772:load --user usertest --parcels "Посылка Тип 0" --trucks "10x10\\\\n10x10" --type "Равномерное распределение" --out text
1737895271908:load --user usertest --parcels "Посылка Тип 0" --trucks "10x10\\\\n10x10" --type "Равномерное распределение" --out text --output "count.csv"
1737895359589:find --name "Посылка Тип 0"
1737895367333:load --user usertest --parcels "Посылка Тип 0" --trucks "10x10\\\\n10x10" --type "Равномерное распределение" --out text --output "count.csv"
1737895612753:billing --user usertest --from 20.01.2025 --to 30.01.2025
1737895673115:find --name "Посылка Тип 0"
1737895682522:load --user usertest --parcels "Посылка Тип 0" --trucks "10x10\\\\n10x10" --type "Равномерное распределение" --out text --output "count.csv"
1737895754893:find --name "Посылка Тип 0"
1737895814874:load --user usertest --parcels "Посылка Тип 0" --trucks "10x10\\\\n10x10" --type "Равномерное распределение" --out text --output "count.csv"
1737895835511:billing --user usertest --from 20.01.2025 --to 30.01.2025
